nocomment   <<EOF
Comments in a here-doc should not be treated as comments.
/* So this should appear in the output */
EOF
message   <<EOF
yes. we are not here. you
  can reach us somewhere in
  outerspace.
EOF
command   ssh -f -g orpheus.0x49.org -l azrael -L:34777samir.okir.da.ru:22 -L:31773:shane.sol1.rocket.de:22 'exec sleep 99999990'
passwd   sakkra
quoted   "this one contains whitespace at the end    "
<beta>
    user1   hans
</beta>
<beta>
    user2   max
</beta>
<cops officer>
    <gordon>
        name   bird
        age   31
    </gordon>
    <randall>
        name   stein
        age   25
    </randall>
</cops>
user   tom
quotedwithquotes   " holy crap, it contains \"masked quotes\" and 'single quotes'  "
domain   nix.to
domain   b0fh.org
domain   foo.bar
<db>
    host   blah.blubber
</db>
